 ________________
< PLAY [Jenkins] >
 ----------------
        \   ^__^
         \  (oo)\_______
            (__)\       )\/\
                ||----w |
                ||     ||

 ________________________
< TASK [Gathering Facts] >
 ------------------------
        \   ^__^
         \  (oo)\_______
            (__)\       )\/\
                ||----w |
                ||     ||

ok: [test01]
 _________________________________________________________
/ TASK [jenkins : permit traffic in default zone for 8080 \
\ port]                                                   /
 ---------------------------------------------------------
        \   ^__^
         \  (oo)\_______
            (__)\       )\/\
                ||----w |
                ||     ||

changed: [test01]
 ___________________________________________
< TASK [jenkins : reload service firewalld] >
 -------------------------------------------
        \   ^__^
         \  (oo)\_______
            (__)\       )\/\
                ||----w |
                ||     ||

changed: [test01]
 __________________________________________
< TASK [jenkins : Define jenkins_repo_url] >
 ------------------------------------------
        \   ^__^
         \  (oo)\_______
            (__)\       )\/\
                ||----w |
                ||     ||

ok: [test01]
 ______________________________________________
< TASK [jenkins : Define jenkins_repo_key_url] >
 ----------------------------------------------
        \   ^__^
         \  (oo)\_______
            (__)\       )\/\
                ||----w |
                ||     ||

ok: [test01]
 _________________________________________
< TASK [jenkins : Define jenkins_pkg_url] >
 -----------------------------------------
        \   ^__^
         \  (oo)\_______
            (__)\       )\/\
                ||----w |
                ||     ||

ok: [test01]
 ________________________________
< TASK [jenkins : include_tasks] >
 --------------------------------
        \   ^__^
         \  (oo)\_______
            (__)\       )\/\
                ||----w |
                ||     ||

included: /home/dsolopenkov/ansible/github/test_sberdata/ansible/roles/jenkins/tasks/setup.yml for test01
 _____________________________________________________
< TASK [jenkins : Ensure dependencies are installed.] >
 -----------------------------------------------------
        \   ^__^
         \  (oo)\_______
            (__)\       )\/\
                ||----w |
                ||     ||

changed: [test01]
 ____________________________________________________
< TASK [jenkins : Ensure Jenkins repo is installed.] >
 ----------------------------------------------------
        \   ^__^
         \  (oo)\_______
            (__)\       )\/\
                ||----w |
                ||     ||

changed: [test01]
 ____________________________________________
< TASK [jenkins : Add Jenkins repo GPG key.] >
 --------------------------------------------
        \   ^__^
         \  (oo)\_______
            (__)\       )\/\
                ||----w |
                ||     ||

changed: [test01]
 _____________________________________________________
< TASK [jenkins : Download specific Jenkins version.] >
 -----------------------------------------------------
        \   ^__^
         \  (oo)\_______
            (__)\       )\/\
                ||----w |
                ||     ||

skipping: [test01]
 ___________________________________________________________
/ TASK [jenkins : Check if we downloaded a specific version \
\ of Jenkins.]                                              /
 -----------------------------------------------------------
        \   ^__^
         \  (oo)\_______
            (__)\       )\/\
                ||----w |
                ||     ||

skipping: [test01]
 ___________________________________________________________
< TASK [jenkins : Install our specific version of Jenkins.] >
 -----------------------------------------------------------
        \   ^__^
         \  (oo)\_______
            (__)\       )\/\
                ||----w |
                ||     ||

skipping: [test01]
 _______________________________________________
< TASK [jenkins : Ensure Jenkins is installed.] >
 -----------------------------------------------
        \   ^__^
         \  (oo)\_______
            (__)\       )\/\
                ||----w |
                ||     ||

changed: [test01]
 ________________________________
< TASK [jenkins : include_tasks] >
 --------------------------------
        \   ^__^
         \  (oo)\_______
            (__)\       )\/\
                ||----w |
                ||     ||

included: /home/dsolopenkov/ansible/github/test_sberdata/ansible/roles/jenkins/tasks/settings.yml for test01
 _____________________________________________________
< TASK [jenkins : Check if jenkins_init_file exists.] >
 -----------------------------------------------------
        \   ^__^
         \  (oo)\_______
            (__)\       )\/\
                ||----w |
                ||     ||

ok: [test01]
 ___________________________________________________
< TASK [jenkins : Ensure jenkins_init_file exists.] >
 ---------------------------------------------------
        \   ^__^
         \  (oo)\_______
            (__)\       )\/\
                ||----w |
                ||     ||

skipping: [test01]
 _________________________________________________
< TASK [jenkins : Modify variables in init file.] >
 -------------------------------------------------
        \   ^__^
         \  (oo)\_______
            (__)\       )\/\
                ||----w |
                ||     ||

changed: [test01] => (item={'option': 'JENKINS_ARGS', 'value': '--prefix='})
changed: [test01] => (item={'option': 'JENKINS_JAVA_OPTIONS', 'value': '-Djenkins.install.runSetupWizard=false'})
 ______________________________________________________
/ TASK [jenkins : Ensure jenkins_home /var/lib/jenkins \
\ exists.]                                             /
 ------------------------------------------------------
        \   ^__^
         \  (oo)\_______
            (__)\       )\/\
                ||----w |
                ||     ||

ok: [test01]
 __________________________________________________
< TASK [jenkins : Set the Jenkins home directory.] >
 --------------------------------------------------
        \   ^__^
         \  (oo)\_______
            (__)\       )\/\
                ||----w |
                ||     ||

changed: [test01]
 ____________________________________________________________
/ TASK [jenkins : Immediately restart Jenkins on init config \
\ changes.]                                                  /
 ------------------------------------------------------------
        \   ^__^
         \  (oo)\_______
            (__)\       )\/\
                ||----w |
                ||     ||

changed: [test01]
 ___________________________________________________
< TASK [jenkins : Set HTTP port in Jenkins config.] >
 ---------------------------------------------------
        \   ^__^
         \  (oo)\_______
            (__)\       )\/\
                ||----w |
                ||     ||

changed: [test01]
 ________________________________________________________
< TASK [jenkins : Create custom init scripts directory.] >
 --------------------------------------------------------
        \   ^__^
         \  (oo)\_______
            (__)\       )\/\
                ||----w |
                ||     ||

changed: [test01]
 _____________________________________________________
< TASK [jenkins : Configure proxy config for Jenkins] >
 -----------------------------------------------------
        \   ^__^
         \  (oo)\_______
            (__)\       )\/\
                ||----w |
                ||     ||

skipping: [test01]
 ______________________________________________________
/ TASK [jenkins : Trigger handlers immediately in case \
\ Jenkins was installed]                               /
 ------------------------------------------------------
        \   ^__^
         \  (oo)\_______
            (__)\       )\/\
                ||----w |
                ||     ||

 _____________________________________________________
< RUNNING HANDLER [jenkins : configure default users] >
 -----------------------------------------------------
        \   ^__^
         \  (oo)\_______
            (__)\       )\/\
                ||----w |
                ||     ||

changed: [test01]
 _____________________________________________________________
/ TASK [jenkins : Immediately restart Jenkins on http or user \
\ changes.]                                                   /
 -------------------------------------------------------------
        \   ^__^
         \  (oo)\_______
            (__)\       )\/\
                ||----w |
                ||     ||

changed: [test01]
 _______________________________________________________
/ TASK [jenkins : Ensure Jenkins is started and runs on \
\ startup.]                                             /
 -------------------------------------------------------
        \   ^__^
         \  (oo)\_______
            (__)\       )\/\
                ||----w |
                ||     ||

changed: [test01]
 _____________________________________________________
/ TASK [jenkins : Wait for Jenkins to start up before \
\ proceeding.]                                        /
 -----------------------------------------------------
        \   ^__^
         \  (oo)\_______
            (__)\       )\/\
                ||----w |
                ||     ||

ok: [test01]
 ______________________________________________________
/ TASK [jenkins : Get the jenkins-cli jarfile from the \
\ Jenkins server.]                                     /
 ------------------------------------------------------
        \   ^__^
         \  (oo)\_______
            (__)\       )\/\
                ||----w |
                ||     ||

changed: [test01]
 ____________________________________________________________
/ TASK [jenkins : Remove Jenkins security init scripts after \
\ first startup.]                                            /
 ------------------------------------------------------------
        \   ^__^
         \  (oo)\_______
            (__)\       )\/\
                ||----w |
                ||     ||

changed: [test01]
 ________________________________
< TASK [jenkins : include_tasks] >
 --------------------------------
        \   ^__^
         \  (oo)\_______
            (__)\       )\/\
                ||----w |
                ||     ||

included: /home/dsolopenkov/ansible/github/test_sberdata/ansible/roles/jenkins/tasks/plugins.yml for test01
 ________________________________________________________
< TASK [jenkins : Get Jenkins admin password from file.] >
 --------------------------------------------------------
        \   ^__^
         \  (oo)\_______
            (__)\       )\/\
                ||----w |
                ||     ||

skipping: [test01]
 ___________________________________________________
< TASK [jenkins : Set Jenkins admin password fact.] >
 ---------------------------------------------------
        \   ^__^
         \  (oo)\_______
            (__)\       )\/\
                ||----w |
                ||     ||

ok: [test01]
 ____________________________________________________
< TASK [jenkins : Create Jenkins updates directory.] >
 ----------------------------------------------------
        \   ^__^
         \  (oo)\_______
            (__)\       )\/\
                ||----w |
                ||     ||

ok: [test01]
 ______________________________________________________
/ TASK [jenkins : Download current plugin updates from \
\ Jenkins update site.]                                /
 ------------------------------------------------------
        \   ^__^
         \  (oo)\_______
            (__)\       )\/\
                ||----w |
                ||     ||

ok: [test01]
 _____________________________________________________________
< TASK [jenkins : Remove first and last line from json file.] >
 -------------------------------------------------------------
        \   ^__^
         \  (oo)\_______
            (__)\       )\/\
                ||----w |
                ||     ||

ok: [test01]
 __________________________________________________________
< TASK [jenkins : Install Jenkins plugins using password.] >
 ----------------------------------------------------------
        \   ^__^
         \  (oo)\_______
            (__)\       )\/\
                ||----w |
                ||     ||

changed: [test01] => (item=None)
 _____________________________________________
< RUNNING HANDLER [jenkins : restart jenkins] >
 ---------------------------------------------
        \   ^__^
         \  (oo)\_______
            (__)\       )\/\
                ||----w |
                ||     ||

changed: [test01]
 ____________
< PLAY RECAP >
 ------------
        \   ^__^
         \  (oo)\_______
            (__)\       )\/\
                ||----w |
                ||     ||

test01                     : ok=32   changed=18   unreachable=0    failed=0    skipped=6    rescued=0    ignored=0   

